<?xml version="1.0" encoding="UTF-8"?>
<!-- Generated by org.testng.reporters.JUnitReportReporter -->
<testsuite hostname="DESKTOP-MOMTB15" failures="0" tests="1" name="QA.QA.ScriptingCode" time="41.462" errors="0" timestamp="2025-08-29T17:49:56 IST" skipped="0">
  <testcase classname="QA.QA.ScriptingCode" name="toRunTestCases" time="41.462"/>
</testsuite> <!-- QA.QA.ScriptingCode -->
