<?xml version="1.0" encoding="UTF-8"?>
<!-- Generated by org.testng.reporters.JUnitReportReporter -->
<testsuite hostname="DESKTOP-MOMTB15" failures="0" tests="1" name="QA.QA.RunTestCases" time="40.511" errors="0" timestamp="2025-08-29T17:08:16 IST" skipped="0">
  <testcase classname="QA.QA.RunTestCases" name="toRunTestCases" time="40.511"/>
</testsuite> <!-- QA.QA.RunTestCases -->
